\BOOKMARK [1][-]{section.1}{Abstract}{}% 1
\BOOKMARK [1][-]{section.2}{Problem Statement and Motivation}{}% 2
\BOOKMARK [1][-]{section.3}{Data}{}% 3
\BOOKMARK [2][-]{subsection.3.1}{Source and Credibility}{section.3}% 4
\BOOKMARK [2][-]{subsection.3.2}{Gathering and Cleaning}{section.3}% 5
\BOOKMARK [2][-]{subsection.3.3}{About the Data}{section.3}% 6
\BOOKMARK [1][-]{section.4}{Possible questions}{}% 7
\BOOKMARK [1][-]{section.5}{Methods}{}% 8
\BOOKMARK [2][-]{subsection.5.1}{Ensamble Methods}{section.5}% 9
\BOOKMARK [3][-]{subsubsection.5.1.1}{XGBoost}{subsection.5.1}% 10
\BOOKMARK [3][-]{subsubsection.5.1.2}{LightGBM}{subsection.5.1}% 11
\BOOKMARK [1][-]{section.6}{Results}{}% 12
\BOOKMARK [2][-]{subsection.6.1}{Random Forest Classifier}{section.6}% 13
\BOOKMARK [2][-]{subsection.6.2}{Gradient Descent Boosted Classification}{section.6}% 14
\BOOKMARK [2][-]{subsection.6.3}{XGBoost}{section.6}% 15
\BOOKMARK [2][-]{subsection.6.4}{LightGBM}{section.6}% 16
\BOOKMARK [2][-]{subsection.6.5}{Feature Importances}{section.6}% 17
\BOOKMARK [1][-]{section.7}{Analysis}{}% 18
\BOOKMARK [1][-]{section.8}{Conclusion}{}% 19
\BOOKMARK [1][-]{section.9}{References}{}% 20
